<?xml version="1.0" encoding="UTF-8"?>
<!-- Generated by org.testng.reporters.JUnitReportReporter -->
<testsuite skipped="1" hostname="DESKTOP-FQKEHJ9" name="com.mani.retry.tests.TestCase1" tests="3" failures="0" timestamp="09 Sep 2018 10:24:59 GMT" time="11.091" errors="1">
  <testcase name="allBrowsers" time="4.923" classname="com.mani.retry.tests.TestCase1"/>
  <testcase name="browserLaunch" time="6.168" classname="com.mani.retry.tests.TestCase1">
    <error type="org.openqa.selenium.SessionNotCreatedException" message="Unable to create new remote session. desired capabilities = Capabilities [{marionette=true, browserName=firefox, moz:firefoxOptions=org.openqa.selenium.firefox.FirefoxOptions@7690781, version=, platform=ANY, firefox_profile=org.openqa.selenium.firefox.FirefoxProfile@77eca502}], required capabilities = Capabilities [{}]
Build info: version: &#039;3.1.0&#039;, revision: &#039;b94c902&#039;, time: &#039;2017-02-16 12:21:31 -0800&#039;
System info: host: &#039;DESKTOP-FQKEHJ9&#039;, ip: &#039;192.168.85.1&#039;, os.name: &#039;Windows 10&#039;, os.arch: &#039;amd64&#039;, os.version: &#039;10.0&#039;, java.version: &#039;1.8.0_171&#039;
Driver info: driver.version: FirefoxDriver">
      <![CDATA[org.openqa.selenium.SessionNotCreatedException: Unable to create new remote session. desired capabilities = Capabilities [{marionette=true, browserName=firefox, moz:firefoxOptions=org.openqa.selenium.firefox.FirefoxOptions@7690781, version=, platform=ANY, firefox_profile=org.openqa.selenium.firefox.FirefoxProfile@77eca502}], required capabilities = Capabilities [{}]
Build info: version: '3.1.0', revision: 'b94c902', time: '2017-02-16 12:21:31 -0800'
System info: host: 'DESKTOP-FQKEHJ9', ip: '192.168.85.1', os.name: 'Windows 10', os.arch: 'amd64', os.version: '10.0', java.version: '1.8.0_171'
Driver info: driver.version: FirefoxDriver
at org.openqa.selenium.remote.ProtocolHandshake.createSession(ProtocolHandshake.java:91)
at org.openqa.selenium.remote.HttpCommandExecutor.execute(HttpCommandExecutor.java:141)
at org.openqa.selenium.remote.service.DriverCommandExecutor.execute(DriverCommandExecutor.java:82)
at org.openqa.selenium.remote.RemoteWebDriver.execute(RemoteWebDriver.java:601)
at org.openqa.selenium.remote.RemoteWebDriver.startSession(RemoteWebDriver.java:241)
at org.openqa.selenium.remote.RemoteWebDriver.<init>(RemoteWebDriver.java:128)
at org.openqa.selenium.firefox.FirefoxDriver.<init>(FirefoxDriver.java:293)
at org.openqa.selenium.firefox.FirefoxDriver.<init>(FirefoxDriver.java:272)
at org.openqa.selenium.firefox.FirefoxDriver.<init>(FirefoxDriver.java:267)
at org.openqa.selenium.firefox.FirefoxDriver.<init>(FirefoxDriver.java:263)
at org.openqa.selenium.firefox.FirefoxDriver.<init>(FirefoxDriver.java:122)
at com.mani.retry.base.BaseTest.browserLaunch(BaseTest.java:27)
at sun.reflect.NativeMethodAccessorImpl.invoke0(Native Method)
at sun.reflect.NativeMethodAccessorImpl.invoke(NativeMethodAccessorImpl.java:62)
at sun.reflect.DelegatingMethodAccessorImpl.invoke(DelegatingMethodAccessorImpl.java:43)
at java.lang.reflect.Method.invoke(Method.java:498)
at org.testng.internal.MethodInvocationHelper.invokeMethod(MethodInvocationHelper.java:124)
at org.testng.internal.MethodInvocationHelper.invokeMethodConsideringTimeout(MethodInvocationHelper.java:59)
at org.testng.internal.Invoker.invokeConfigurationMethod(Invoker.java:455)
at org.testng.internal.Invoker.invokeConfigurations(Invoker.java:222)
at org.testng.internal.Invoker.invokeConfigurations(Invoker.java:142)
at org.testng.TestRunner.beforeRun(TestRunner.java:529)
at org.testng.TestRunner.run(TestRunner.java:497)
at org.testng.SuiteRunner.runTest(SuiteRunner.java:455)
at org.testng.SuiteRunner.runSequentially(SuiteRunner.java:450)
at org.testng.SuiteRunner.privateRun(SuiteRunner.java:415)
at org.testng.SuiteRunner.run(SuiteRunner.java:364)
at org.testng.SuiteRunnerWorker.runSuite(SuiteRunnerWorker.java:52)
at org.testng.SuiteRunnerWorker.run(SuiteRunnerWorker.java:84)
at org.testng.TestNG.runSuitesSequentially(TestNG.java:1208)
at org.testng.TestNG.runSuitesLocally(TestNG.java:1137)
at org.testng.TestNG.runSuites(TestNG.java:1049)
at org.testng.TestNG.run(TestNG.java:1017)
at org.testng.remote.AbstractRemoteTestNG.run(AbstractRemoteTestNG.java:114)
at org.testng.remote.RemoteTestNG.initAndRun(RemoteTestNG.java:251)
at org.testng.remote.RemoteTestNG.main(RemoteTestNG.java:77)
]]>
    </error>
  </testcase> <!-- browserLaunch -->
  <testcase name="allBrowsers" time="0.000" classname="com.mani.retry.tests.TestCase1">
    <skipped/>
  </testcase> <!-- allBrowsers -->
</testsuite> <!-- com.mani.retry.tests.TestCase1 -->
