<?xml version="1.0" encoding="UTF-8"?>
<!-- Generated by org.testng.reporters.JUnitReportReporter -->
<testsuite skipped="0" hostname="DESKTOP-FQKEHJ9" name="com.mani.retry.tests.TestCase4" tests="2" failures="0" timestamp="09 Sep 2018 10:24:59 GMT" time="0.004" errors="0">
  <testcase name="testCase4" time="0.000" classname="com.mani.retry.tests.TestCase4"/>
  <testcase name="testCase4" time="0.004" classname="com.mani.retry.tests.TestCase4"/>
</testsuite> <!-- com.mani.retry.tests.TestCase4 -->
